<html>
<head>
<title>TestNG:  Android Smoke Test Cases</title>
<link href="../testng.css" rel="stylesheet" type="text/css" />
<link href="../my-testng.css" rel="stylesheet" type="text/css" />

<style type="text/css">
.log { display: none;} 
.stack-trace { display: none;} 
</style>
<script type="text/javascript">
<!--
function flip(e) {
  current = e.style.display;
  if (current == 'block') {
    e.style.display = 'none';
    return 0;
  }
  else {
    e.style.display = 'block';
    return 1;
  }
}

function toggleBox(szDivId, elem, msg1, msg2)
{
  var res = -1;  if (document.getElementById) {
    res = flip(document.getElementById(szDivId));
  }
  else if (document.all) {
    // this is the way old msie versions work
    res = flip(document.all[szDivId]);
  }
  if(elem) {
    if(res == 0) elem.innerHTML = msg1; else elem.innerHTML = msg2;
  }

}

function toggleAllBoxes() {
  if (document.getElementsByTagName) {
    d = document.getElementsByTagName('div');
    for (i = 0; i < d.length; i++) {
      if (d[i].className == 'log') {
        flip(d[i]);
      }
    }
  }
}

// -->
</script>

</head>
<body>
<h2 align='center'>Android Smoke Test Cases</h2><table border='1' align="center">
<tr>
<td>Tests passed/Failed/Skipped:</td><td>17/1/0</td>
</tr><tr>
<td>Started on:</td><td>Tue Dec 27 14:55:22 IST 2016</td>
</tr>
<tr><td>Total time:</td><td>2367 seconds (2367364 ms)</td>
</tr><tr>
<td>Included groups:</td><td></td>
</tr><tr>
<td>Excluded groups:</td><td></td>
</tr>
</table><p/>
<small><i>(Hover the method name to see the test class name)</i></small><p/>
<table width='100%' border='1' class='invocation-failed'>
<tr><td colspan='4' align='center'><b>FAILED TESTS</b></td></tr>
<tr><td><b>Test method</b></td>
<td width="30%"><b>Exception</b></td>
<td width="10%"><b>Time (seconds)</b></td>
<td><b>Instance</b></td>
</tr>
<tr>
<td title='twc.Automation.SmokeTestCases.smokeTestCases.Smoke_Test_Case_Verify_Watson_Ads()'><b>Smoke_Test_Case_Verify_Watson_Ads</b><br>Test class: twc.Automation.SmokeTestCases.smokeTestCases</td>
<td><div><pre>org.openqa.selenium.NoSuchElementException: An element could not be located on the page using the given search parameters. (WARNING: The server did not provide any stacktrace information)
Command duration or timeout: 60.37 seconds
For documentation on this error, please visit: http://seleniumhq.org/exceptions/no_such_element.html
Build info: version: &apos;2.51.0&apos;, revision: &apos;1af067dbcaedd7d2ab9af5151fc471d363d97193&apos;, time: &apos;2016-02-05 11:20:57&apos;
System info: host: &apos;ravis-MacBook-Pro.local&apos;, ip: &apos;192.168.1.116&apos;, os.name: &apos;Mac OS X&apos;, os.arch: &apos;x86_64&apos;, os.version: &apos;10.11&apos;, java.version: &apos;1.8.0_60&apos;
Driver info: io.appium.java_client.android.AndroidDriver
Capabilities [{app=/Users/monocept/Documents/workspace_luna/TWC.Automation.Framework/APKFile/TWC_704010644_googleRelease.apk, appPackage=com.weather.Weather, networkConnectionEnabled=true, warnings={}, databaseEnabled=false, deviceName=ce051605b999df4004, platform=LINUX, desired={app=/Users/monocept/Documents/workspace_luna/TWC.Automation.Framework/APKFile/TWC_704010644_googleRelease.apk, appPackage=com.weather.Weather, appium-version=1.4.13, newCommandTimeout=100000.0, autoLaunch=true, platformVersion=6.0.1, platformName=Android, deviceName=Samsung S6}, appium-version=1.4.13, newCommandTimeout=100000.0, autoLaunch=true, platformVersion=6.0.1, webStorageEnabled=false, locationContextEnabled=false, browserName=Android, takesScreenshot=true, javascriptEnabled=true, platformName=Android}]
Session ID: 5274c964-7811-44c6-a635-f5d39b72f1b5
*** Element info: {Using=name, value=Name any course, dish, or ingredient}
	at org.openqa.selenium.remote.ErrorHandler.createThrowable(ErrorHandler.java:206)
	at org.openqa.selenium.remote.ErrorHandler.throwIfResponseFailed(ErrorHandler.java:158)
	at org.openqa.selenium.remote.RemoteWebDriver.execute(RemoteWebDriver.java:678)
	at io.appium.java_client.DefaultGenericMobileDriver.execute(DefaultGenericMobileDriver.java:42)
	at io.appium.java_client.AppiumDriver.execute(AppiumDriver.java:1)
	at io.appium.java_client.android.AndroidDriver.execute(AndroidDriver.java:1)
	at org.openqa.selenium.remote.RemoteWebDriver.findElement(RemoteWebDriver.java:363)
	at org.openqa.selenium.remote.RemoteWebDriver.findElementByName(RemoteWebDriver.java:461)
	at io.appium.java_client.DefaultGenericMobileDriver.findElementByName(DefaultGenericMobileDriver.java:102)
	at io.appium.java_client.AppiumDriver.findElementByName(AppiumDriver.java:1)
	at io.appium.java_client.android.AndroidDriver.findElementByName(AndroidDriver.java:1)
	at twc.Automation.HandleWithApp.AppFunctions.search_with_watson_ad(AppFunctions.java:267)
	at twc.Automation.SmokeTestCases.smokeTestCases.Smoke_Test_Case_Verify_Watson_Ads(smokeTestCases.java:386)
... Removed 27 stack frames</pre></div><a href='#' onClick='toggleBox("stack-trace333693383", this, "Click to show all stack frames", "Click to hide stack frames")'>Click to show all stack frames</a>
<div class='stack-trace' id='stack-trace333693383'><pre>org.openqa.selenium.NoSuchElementException: An element could not be located on the page using the given search parameters. (WARNING: The server did not provide any stacktrace information)
Command duration or timeout: 60.37 seconds
For documentation on this error, please visit: http://seleniumhq.org/exceptions/no_such_element.html
Build info: version: &apos;2.51.0&apos;, revision: &apos;1af067dbcaedd7d2ab9af5151fc471d363d97193&apos;, time: &apos;2016-02-05 11:20:57&apos;
System info: host: &apos;ravis-MacBook-Pro.local&apos;, ip: &apos;192.168.1.116&apos;, os.name: &apos;Mac OS X&apos;, os.arch: &apos;x86_64&apos;, os.version: &apos;10.11&apos;, java.version: &apos;1.8.0_60&apos;
Driver info: io.appium.java_client.android.AndroidDriver
Capabilities [{app=/Users/monocept/Documents/workspace_luna/TWC.Automation.Framework/APKFile/TWC_704010644_googleRelease.apk, appPackage=com.weather.Weather, networkConnectionEnabled=true, warnings={}, databaseEnabled=false, deviceName=ce051605b999df4004, platform=LINUX, desired={app=/Users/monocept/Documents/workspace_luna/TWC.Automation.Framework/APKFile/TWC_704010644_googleRelease.apk, appPackage=com.weather.Weather, appium-version=1.4.13, newCommandTimeout=100000.0, autoLaunch=true, platformVersion=6.0.1, platformName=Android, deviceName=Samsung S6}, appium-version=1.4.13, newCommandTimeout=100000.0, autoLaunch=true, platformVersion=6.0.1, webStorageEnabled=false, locationContextEnabled=false, browserName=Android, takesScreenshot=true, javascriptEnabled=true, platformName=Android}]
Session ID: 5274c964-7811-44c6-a635-f5d39b72f1b5
*** Element info: {Using=name, value=Name any course, dish, or ingredient}
	at sun.reflect.GeneratedConstructorAccessor81.newInstance(Unknown Source)
	at sun.reflect.DelegatingConstructorAccessorImpl.newInstance(DelegatingConstructorAccessorImpl.java:45)
	at java.lang.reflect.Constructor.newInstance(Constructor.java:422)
	at org.openqa.selenium.remote.ErrorHandler.createThrowable(ErrorHandler.java:206)
	at org.openqa.selenium.remote.ErrorHandler.throwIfResponseFailed(ErrorHandler.java:158)
	at org.openqa.selenium.remote.RemoteWebDriver.execute(RemoteWebDriver.java:678)
	at io.appium.java_client.DefaultGenericMobileDriver.execute(DefaultGenericMobileDriver.java:42)
	at io.appium.java_client.AppiumDriver.execute(AppiumDriver.java:1)
	at io.appium.java_client.android.AndroidDriver.execute(AndroidDriver.java:1)
	at org.openqa.selenium.remote.RemoteWebDriver.findElement(RemoteWebDriver.java:363)
	at org.openqa.selenium.remote.RemoteWebDriver.findElementByName(RemoteWebDriver.java:461)
	at io.appium.java_client.DefaultGenericMobileDriver.findElementByName(DefaultGenericMobileDriver.java:102)
	at io.appium.java_client.AppiumDriver.findElementByName(AppiumDriver.java:1)
	at io.appium.java_client.android.AndroidDriver.findElementByName(AndroidDriver.java:1)
	at twc.Automation.HandleWithApp.AppFunctions.search_with_watson_ad(AppFunctions.java:267)
	at twc.Automation.SmokeTestCases.smokeTestCases.Smoke_Test_Case_Verify_Watson_Ads(smokeTestCases.java:386)
	at sun.reflect.NativeMethodAccessorImpl.invoke0(Native Method)
	at sun.reflect.NativeMethodAccessorImpl.invoke(NativeMethodAccessorImpl.java:62)
	at sun.reflect.DelegatingMethodAccessorImpl.invoke(DelegatingMethodAccessorImpl.java:43)
	at java.lang.reflect.Method.invoke(Method.java:497)
	at org.testng.internal.MethodInvocationHelper.invokeMethod(MethodInvocationHelper.java:85)
	at org.testng.internal.Invoker.invokeMethod(Invoker.java:659)
	at org.testng.internal.Invoker.invokeTestMethod(Invoker.java:845)
	at org.testng.internal.Invoker.invokeTestMethods(Invoker.java:1153)
	at org.testng.internal.TestMethodWorker.invokeTestMethods(TestMethodWorker.java:125)
	at org.testng.internal.TestMethodWorker.run(TestMethodWorker.java:108)
	at org.testng.TestRunner.privateRun(TestRunner.java:771)
	at org.testng.TestRunner.run(TestRunner.java:621)
	at org.testng.SuiteRunner.runTest(SuiteRunner.java:357)
	at org.testng.SuiteRunner.runSequentially(SuiteRunner.java:352)
	at org.testng.SuiteRunner.privateRun(SuiteRunner.java:310)
	at org.testng.SuiteRunner.run(SuiteRunner.java:259)
	at org.testng.SuiteRunnerWorker.runSuite(SuiteRunnerWorker.java:52)
	at org.testng.SuiteRunnerWorker.run(SuiteRunnerWorker.java:86)
	at org.testng.TestNG.runSuitesSequentially(TestNG.java:1199)
	at org.testng.TestNG.runSuitesLocally(TestNG.java:1124)
	at org.testng.TestNG.run(TestNG.java:1032)
	at org.testng.remote.RemoteTestNG.run(RemoteTestNG.java:111)
	at org.testng.remote.RemoteTestNG.initAndRun(RemoteTestNG.java:204)
	at org.testng.remote.RemoteTestNG.main(RemoteTestNG.java:175)
</pre></div></td>
<td>586</td>
<td>twc.Automation.SmokeTestCases.smokeTestCases@2096442d</td></tr>
<tr>
<td title='twc.Automation.SmokeTestCases.smokeTestCases.Smoke_Test_Case_XXXXX_Verify_calls_Present_On_Extended_Ski_Page()'><b>Smoke_Test_Case_XXXXX_Verify_calls_Present_On_Extended_Ski_Page</b><br>Test class: twc.Automation.SmokeTestCases.smokeTestCases</td>
<td><div><pre>org.openqa.selenium.NoSuchElementException: An element could not be located on the page using the given search parameters. (WARNING: The server did not provide any stacktrace information)
Command duration or timeout: 1.57 seconds
For documentation on this error, please visit: http://seleniumhq.org/exceptions/no_such_element.html
Build info: version: &apos;2.51.0&apos;, revision: &apos;1af067dbcaedd7d2ab9af5151fc471d363d97193&apos;, time: &apos;2016-02-05 11:20:57&apos;
System info: host: &apos;ravis-MacBook-Pro.local&apos;, ip: &apos;192.168.1.116&apos;, os.name: &apos;Mac OS X&apos;, os.arch: &apos;x86_64&apos;, os.version: &apos;10.11&apos;, java.version: &apos;1.8.0_60&apos;
Driver info: io.appium.java_client.android.AndroidDriver
Capabilities [{app=/Users/monocept/Documents/workspace_luna/TWC.Automation.Framework/APKFile/TWC_704010644_googleRelease.apk, appPackage=com.weather.Weather, networkConnectionEnabled=true, warnings={}, databaseEnabled=false, deviceName=ce051605b999df4004, platform=LINUX, desired={app=/Users/monocept/Documents/workspace_luna/TWC.Automation.Framework/APKFile/TWC_704010644_googleRelease.apk, appPackage=com.weather.Weather, appium-version=1.4.13, newCommandTimeout=100000.0, autoLaunch=true, platformVersion=6.0.1, platformName=Android, deviceName=Samsung S6}, appium-version=1.4.13, newCommandTimeout=100000.0, autoLaunch=true, platformVersion=6.0.1, webStorageEnabled=false, locationContextEnabled=false, browserName=Android, takesScreenshot=true, javascriptEnabled=true, platformName=Android}]
Session ID: cf805b67-30f1-49c2-9b6f-28c17a1fa6bb
*** Element info: {Using=id, value=com.weather.Weather:id/ski_label}
	at org.openqa.selenium.remote.ErrorHandler.createThrowable(ErrorHandler.java:206)
	at org.openqa.selenium.remote.ErrorHandler.throwIfResponseFailed(ErrorHandler.java:158)
	at org.openqa.selenium.remote.RemoteWebDriver.execute(RemoteWebDriver.java:678)
	at io.appium.java_client.DefaultGenericMobileDriver.execute(DefaultGenericMobileDriver.java:42)
	at io.appium.java_client.AppiumDriver.execute(AppiumDriver.java:1)
	at io.appium.java_client.android.AndroidDriver.execute(AndroidDriver.java:1)
	at org.openqa.selenium.remote.RemoteWebDriver.findElement(RemoteWebDriver.java:363)
	at org.openqa.selenium.remote.RemoteWebDriver.findElementById(RemoteWebDriver.java:413)
	at io.appium.java_client.DefaultGenericMobileDriver.findElementById(DefaultGenericMobileDriver.java:62)
	at io.appium.java_client.AppiumDriver.findElementById(AppiumDriver.java:1)
	at io.appium.java_client.android.AndroidDriver.findElementById(AndroidDriver.java:1)
	at org.openqa.selenium.By$ById.findElement(By.java:218)
	at org.openqa.selenium.remote.RemoteWebDriver.findElement(RemoteWebDriver.java:355)
	at io.appium.java_client.DefaultGenericMobileDriver.findElement(DefaultGenericMobileDriver.java:52)
	at io.appium.java_client.AppiumDriver.findElement(AppiumDriver.java:1)
	at io.appium.java_client.android.AndroidDriver.findElement(AndroidDriver.java:1)
	at twc.Automation.HandleWithApp.AppFunctions.clickOnModule(AppFunctions.java:80)
	at twc.Automation.SmokeTestCases.smokeTestCases.Smoke_Test_Case_XXXXX_Verify_calls_Present_On_Extended_Ski_Page(smokeTestCases.java:234)
... Removed 27 stack frames</pre></div><a href='#' onClick='toggleBox("stack-trace1358857082", this, "Click to show all stack frames", "Click to hide stack frames")'>Click to show all stack frames</a>
<div class='stack-trace' id='stack-trace1358857082'><pre>org.openqa.selenium.NoSuchElementException: An element could not be located on the page using the given search parameters. (WARNING: The server did not provide any stacktrace information)
Command duration or timeout: 1.57 seconds
For documentation on this error, please visit: http://seleniumhq.org/exceptions/no_such_element.html
Build info: version: &apos;2.51.0&apos;, revision: &apos;1af067dbcaedd7d2ab9af5151fc471d363d97193&apos;, time: &apos;2016-02-05 11:20:57&apos;
System info: host: &apos;ravis-MacBook-Pro.local&apos;, ip: &apos;192.168.1.116&apos;, os.name: &apos;Mac OS X&apos;, os.arch: &apos;x86_64&apos;, os.version: &apos;10.11&apos;, java.version: &apos;1.8.0_60&apos;
Driver info: io.appium.java_client.android.AndroidDriver
Capabilities [{app=/Users/monocept/Documents/workspace_luna/TWC.Automation.Framework/APKFile/TWC_704010644_googleRelease.apk, appPackage=com.weather.Weather, networkConnectionEnabled=true, warnings={}, databaseEnabled=false, deviceName=ce051605b999df4004, platform=LINUX, desired={app=/Users/monocept/Documents/workspace_luna/TWC.Automation.Framework/APKFile/TWC_704010644_googleRelease.apk, appPackage=com.weather.Weather, appium-version=1.4.13, newCommandTimeout=100000.0, autoLaunch=true, platformVersion=6.0.1, platformName=Android, deviceName=Samsung S6}, appium-version=1.4.13, newCommandTimeout=100000.0, autoLaunch=true, platformVersion=6.0.1, webStorageEnabled=false, locationContextEnabled=false, browserName=Android, takesScreenshot=true, javascriptEnabled=true, platformName=Android}]
Session ID: cf805b67-30f1-49c2-9b6f-28c17a1fa6bb
*** Element info: {Using=id, value=com.weather.Weather:id/ski_label}
	at sun.reflect.GeneratedConstructorAccessor81.newInstance(Unknown Source)
	at sun.reflect.DelegatingConstructorAccessorImpl.newInstance(DelegatingConstructorAccessorImpl.java:45)
	at java.lang.reflect.Constructor.newInstance(Constructor.java:422)
	at org.openqa.selenium.remote.ErrorHandler.createThrowable(ErrorHandler.java:206)
	at org.openqa.selenium.remote.ErrorHandler.throwIfResponseFailed(ErrorHandler.java:158)
	at org.openqa.selenium.remote.RemoteWebDriver.execute(RemoteWebDriver.java:678)
	at io.appium.java_client.DefaultGenericMobileDriver.execute(DefaultGenericMobileDriver.java:42)
	at io.appium.java_client.AppiumDriver.execute(AppiumDriver.java:1)
	at io.appium.java_client.android.AndroidDriver.execute(AndroidDriver.java:1)
	at org.openqa.selenium.remote.RemoteWebDriver.findElement(RemoteWebDriver.java:363)
	at org.openqa.selenium.remote.RemoteWebDriver.findElementById(RemoteWebDriver.java:413)
	at io.appium.java_client.DefaultGenericMobileDriver.findElementById(DefaultGenericMobileDriver.java:62)
	at io.appium.java_client.AppiumDriver.findElementById(AppiumDriver.java:1)
	at io.appium.java_client.android.AndroidDriver.findElementById(AndroidDriver.java:1)
	at org.openqa.selenium.By$ById.findElement(By.java:218)
	at org.openqa.selenium.remote.RemoteWebDriver.findElement(RemoteWebDriver.java:355)
	at io.appium.java_client.DefaultGenericMobileDriver.findElement(DefaultGenericMobileDriver.java:52)
	at io.appium.java_client.AppiumDriver.findElement(AppiumDriver.java:1)
	at io.appium.java_client.android.AndroidDriver.findElement(AndroidDriver.java:1)
	at twc.Automation.HandleWithApp.AppFunctions.clickOnModule(AppFunctions.java:80)
	at twc.Automation.SmokeTestCases.smokeTestCases.Smoke_Test_Case_XXXXX_Verify_calls_Present_On_Extended_Ski_Page(smokeTestCases.java:234)
	at sun.reflect.NativeMethodAccessorImpl.invoke0(Native Method)
	at sun.reflect.NativeMethodAccessorImpl.invoke(NativeMethodAccessorImpl.java:62)
	at sun.reflect.DelegatingMethodAccessorImpl.invoke(DelegatingMethodAccessorImpl.java:43)
	at java.lang.reflect.Method.invoke(Method.java:497)
	at org.testng.internal.MethodInvocationHelper.invokeMethod(MethodInvocationHelper.java:85)
	at org.testng.internal.Invoker.invokeMethod(Invoker.java:659)
	at org.testng.internal.Invoker.invokeTestMethod(Invoker.java:845)
	at org.testng.internal.Invoker.invokeTestMethods(Invoker.java:1153)
	at org.testng.internal.TestMethodWorker.invokeTestMethods(TestMethodWorker.java:125)
	at org.testng.internal.TestMethodWorker.run(TestMethodWorker.java:108)
	at org.testng.TestRunner.privateRun(TestRunner.java:771)
	at org.testng.TestRunner.run(TestRunner.java:621)
	at org.testng.SuiteRunner.runTest(SuiteRunner.java:357)
	at org.testng.SuiteRunner.runSequentially(SuiteRunner.java:352)
	at org.testng.SuiteRunner.privateRun(SuiteRunner.java:310)
	at org.testng.SuiteRunner.run(SuiteRunner.java:259)
	at org.testng.SuiteRunnerWorker.runSuite(SuiteRunnerWorker.java:52)
	at org.testng.SuiteRunnerWorker.run(SuiteRunnerWorker.java:86)
	at org.testng.TestNG.runSuitesSequentially(TestNG.java:1199)
	at org.testng.TestNG.runSuitesLocally(TestNG.java:1124)
	at org.testng.TestNG.run(TestNG.java:1032)
	at org.testng.remote.RemoteTestNG.run(RemoteTestNG.java:111)
	at org.testng.remote.RemoteTestNG.initAndRun(RemoteTestNG.java:204)
	at org.testng.remote.RemoteTestNG.main(RemoteTestNG.java:175)
</pre></div></td>
<td>145</td>
<td>twc.Automation.SmokeTestCases.smokeTestCases@2096442d</td></tr>
</table><p>
<table width='100%' border='1' class='invocation-passed'>
<tr><td colspan='4' align='center'><b>PASSED TESTS</b></td></tr>
<tr><td><b>Test method</b></td>
<td width="30%"><b>Exception</b></td>
<td width="10%"><b>Time (seconds)</b></td>
<td><b>Instance</b></td>
</tr>
<tr>
<td title='twc.Automation.SmokeTestCases.smokeTestCases.Smoke_Test_Case_C333172_Verify_Ad_Calls_On_Clean_Launch()'><b>Smoke_Test_Case_C333172_Verify_Ad_Calls_On_Clean_Launch</b><br>Test class: twc.Automation.SmokeTestCases.smokeTestCases</td>
<td></td>
<td>190</td>
<td>twc.Automation.SmokeTestCases.smokeTestCases@2096442d</td></tr>
<tr>
<td title='twc.Automation.SmokeTestCases.smokeTestCases.Smoke_Test_Case_C333173_Verify_WeatherFX_API_Request_For_Wfxtg_Value()'><b>Smoke_Test_Case_C333173_Verify_WeatherFX_API_Request_For_Wfxtg_Value</b><br>Test class: twc.Automation.SmokeTestCases.smokeTestCases</td>
<td></td>
<td>4</td>
<td>twc.Automation.SmokeTestCases.smokeTestCases@2096442d</td></tr>
<tr>
<td title='twc.Automation.SmokeTestCases.smokeTestCases.Smoke_Test_Case_C333174_Verify_Factual_Call()'><b>Smoke_Test_Case_C333174_Verify_Factual_Call</b><br>Test class: twc.Automation.SmokeTestCases.smokeTestCases</td>
<td></td>
<td>0</td>
<td>twc.Automation.SmokeTestCases.smokeTestCases@2096442d</td></tr>
<tr>
<td title='twc.Automation.SmokeTestCases.smokeTestCases.Smoke_Test_Case_C333175_Verify_Ad_Is_Present_On_Extended_Hourly_Page()'><b>Smoke_Test_Case_C333175_Verify_Ad_Is_Present_On_Extended_Hourly_Page</b><br>Test class: twc.Automation.SmokeTestCases.smokeTestCases</td>
<td></td>
<td>92</td>
<td>twc.Automation.SmokeTestCases.smokeTestCases@2096442d</td></tr>
<tr>
<td title='twc.Automation.SmokeTestCases.smokeTestCases.Smoke_Test_Case_C333175_Verify_Ad_Is_Present_On_Extended_News_Page()'><b>Smoke_Test_Case_C333175_Verify_Ad_Is_Present_On_Extended_News_Page</b><br>Test class: twc.Automation.SmokeTestCases.smokeTestCases</td>
<td></td>
<td>9</td>
<td>twc.Automation.SmokeTestCases.smokeTestCases@2096442d</td></tr>
<tr>
<td title='twc.Automation.SmokeTestCases.smokeTestCases.Smoke_Test_Case_C333176_Verify_Ad_Is_Present_On_Extended_Map_Page()'><b>Smoke_Test_Case_C333176_Verify_Ad_Is_Present_On_Extended_Map_Page</b><br>Test class: twc.Automation.SmokeTestCases.smokeTestCases</td>
<td></td>
<td>22</td>
<td>twc.Automation.SmokeTestCases.smokeTestCases@2096442d</td></tr>
<tr>
<td title='twc.Automation.SmokeTestCases.smokeTestCases.Smoke_Test_Case_C333179_Verify_Ad_Call_Is_Made_On_Pull_To_Refresh()'><b>Smoke_Test_Case_C333179_Verify_Ad_Call_Is_Made_On_Pull_To_Refresh</b><br>Test class: twc.Automation.SmokeTestCases.smokeTestCases</td>
<td></td>
<td>123</td>
<td>twc.Automation.SmokeTestCases.smokeTestCases@2096442d</td></tr>
<tr>
<td title='twc.Automation.SmokeTestCases.smokeTestCases.Smoke_Test_Case_C333180_Verify_Ad_Is_Present_On_Extended_Daily_Page()'><b>Smoke_Test_Case_C333180_Verify_Ad_Is_Present_On_Extended_Daily_Page</b><br>Test class: twc.Automation.SmokeTestCases.smokeTestCases</td>
<td></td>
<td>7</td>
<td>twc.Automation.SmokeTestCases.smokeTestCases@2096442d</td></tr>
<tr>
<td title='twc.Automation.SmokeTestCases.smokeTestCases.Smoke_Test_Case_C333182_Verify_Lotame_Call()'><b>Smoke_Test_Case_C333182_Verify_Lotame_Call</b><br>Test class: twc.Automation.SmokeTestCases.smokeTestCases</td>
<td></td>
<td>0</td>
<td>twc.Automation.SmokeTestCases.smokeTestCases@2096442d</td></tr>
<tr>
<td title='twc.Automation.SmokeTestCases.smokeTestCases.Smoke_Test_Case_C344253_Verify_Playlist_Pubads_Call()'><b>Smoke_Test_Case_C344253_Verify_Playlist_Pubads_Call</b><br>Test class: twc.Automation.SmokeTestCases.smokeTestCases</td>
<td></td>
<td>162</td>
<td>twc.Automation.SmokeTestCases.smokeTestCases@2096442d</td></tr>
<tr>
<td title='twc.Automation.SmokeTestCases.smokeTestCases.Smoke_Test_Case_C415129_Verify_Weatherfx_API_Call_Response_When_User_Selects_Contextual_Locations()'><b>Smoke_Test_Case_C415129_Verify_Weatherfx_API_Call_Response_When_User_Selects_Contextual_Locations</b><br>Test class: twc.Automation.SmokeTestCases.smokeTestCases</td>
<td></td>
<td>332</td>
<td>twc.Automation.SmokeTestCases.smokeTestCases@2096442d</td></tr>
<tr>
<td title='twc.Automation.SmokeTestCases.smokeTestCases.Smoke_Test_Case_C658710_Verify_BB_Ad_Call_In_Test_Mode()'><b>Smoke_Test_Case_C658710_Verify_BB_Ad_Call_In_Test_Mode</b><br>Test class: twc.Automation.SmokeTestCases.smokeTestCases</td>
<td></td>
<td>238</td>
<td>twc.Automation.SmokeTestCases.smokeTestCases@2096442d</td></tr>
<tr>
<td title='twc.Automation.SmokeTestCases.smokeTestCases.Smoke_Test_Case_Content_Mode_Severe1()'><b>Smoke_Test_Case_Content_Mode_Severe1</b><br>Test class: twc.Automation.SmokeTestCases.smokeTestCases</td>
<td></td>
<td>122</td>
<td>twc.Automation.SmokeTestCases.smokeTestCases@2096442d</td></tr>
<tr>
<td title='twc.Automation.SmokeTestCases.smokeTestCases.Smoke_Test_Case_Content_Mode_Severe2()'><b>Smoke_Test_Case_Content_Mode_Severe2</b><br>Test class: twc.Automation.SmokeTestCases.smokeTestCases</td>
<td></td>
<td>138</td>
<td>twc.Automation.SmokeTestCases.smokeTestCases@2096442d</td></tr>
<tr>
<td title='twc.Automation.SmokeTestCases.smokeTestCases.Smoke_Test_Case_XXXXX_Verify_calls_Present_On_Extended_Ski_Page()'><b>Smoke_Test_Case_XXXXX_Verify_calls_Present_On_Extended_Ski_Page</b><br>Test class: twc.Automation.SmokeTestCases.smokeTestCases</td>
<td></td>
<td>0</td>
<td>twc.Automation.SmokeTestCases.smokeTestCases@2096442d</td></tr>
<tr>
<td title='twc.Automation.SmokeTestCases.smokeTestCases.Verify_Fourth_Party_Beacon()'><b>Verify_Fourth_Party_Beacon</b><br>Test class: twc.Automation.SmokeTestCases.smokeTestCases</td>
<td></td>
<td>162</td>
<td>twc.Automation.SmokeTestCases.smokeTestCases@2096442d</td></tr>
<tr>
<td title='twc.Automation.SmokeTestCases.smokeTestCases.Verify_ThirdParty_Beacons_Call()'><b>Verify_ThirdParty_Beacons_Call</b><br>Test class: twc.Automation.SmokeTestCases.smokeTestCases</td>
<td></td>
<td>4</td>
<td>twc.Automation.SmokeTestCases.smokeTestCases@2096442d</td></tr>
</table><p>
</body>
</html>